2023-04-16 19:41:33,649 INFO: 8PpGk8DpHdjkUW2rAAAB:  connected
2023-04-16 19:41:33,651 ERROR: token: eyJhbGciOiJIUzI1NiIsInR5cCI6IkpXVCJ9.eyJzdWIiOiJuYW10byIsImV4cCI6MTY4MTY3NDIxNX0.RTkSwp58DjHRDZhgmVDWD3_FqantnNZWnn853ZePMkI
2023-04-16 19:41:33,684 INFO: Client 8PpGk8DpHdjkUW2rAAAB connect and joined room namto
2023-04-16 19:42:18,400 INFO: e8d8TZ3TbYYUdjB0AAAD:  connected
2023-04-16 19:42:18,401 ERROR: token: eyJhbGciOiJIUzI1NiIsInR5cCI6IkpXVCJ9.eyJzdWIiOiJuYW10byIsImV4cCI6MTY4MTY3NDIxNX0.RTkSwp58DjHRDZhgmVDWD3_FqantnNZWnn853ZePMkI
2023-04-16 19:42:18,407 INFO: Client e8d8TZ3TbYYUdjB0AAAD connect and joined room namto
2023-04-16 19:42:21,924 INFO: EOJz0cd12qlQFxwdAAAF:  connected
2023-04-16 19:42:21,925 ERROR: token: eyJhbGciOiJIUzI1NiIsInR5cCI6IkpXVCJ9.eyJzdWIiOiJuYW10byIsImV4cCI6MTY4MTY3NDIxNX0.RTkSwp58DjHRDZhgmVDWD3_FqantnNZWnn853ZePMkI
2023-04-16 19:42:21,929 INFO: Client EOJz0cd12qlQFxwdAAAF connect and joined room namto
2023-04-16 19:42:24,645 INFO: FjRZZFwFFdFrbUpDAAAH:  connected
2023-04-16 19:42:24,646 ERROR: token: eyJhbGciOiJIUzI1NiIsInR5cCI6IkpXVCJ9.eyJzdWIiOiJuYW10byIsImV4cCI6MTY4MTY3NDIxNX0.RTkSwp58DjHRDZhgmVDWD3_FqantnNZWnn853ZePMkI
2023-04-16 19:42:24,649 INFO: Client FjRZZFwFFdFrbUpDAAAH connect and joined room namto
2023-04-16 19:42:46,787 INFO: Remove client FjRZZFwFFdFrbUpDAAAH from room namto
2023-04-16 19:42:46,790 INFO: Remove client FjRZZFwFFdFrbUpDAAAH from room FjRZZFwFFdFrbUpDAAAH
2023-04-16 19:43:59,706 INFO: Remove client 8PpGk8DpHdjkUW2rAAAB from room 8PpGk8DpHdjkUW2rAAAB
2023-04-16 19:43:59,708 INFO: Remove client 8PpGk8DpHdjkUW2rAAAB from room namto
2023-04-16 19:43:59,709 INFO: Remove client e8d8TZ3TbYYUdjB0AAAD from room namto
2023-04-16 19:43:59,710 INFO: Remove client e8d8TZ3TbYYUdjB0AAAD from room e8d8TZ3TbYYUdjB0AAAD
2023-04-16 19:43:59,712 INFO: Remove client EOJz0cd12qlQFxwdAAAF from room namto
2023-04-16 19:43:59,713 INFO: Remove client EOJz0cd12qlQFxwdAAAF from room EOJz0cd12qlQFxwdAAAF
2023-04-16 19:44:15,340 INFO: m1zPSJSwE5nf8qRGAAAJ:  connected
2023-04-16 19:44:15,343 ERROR: token: eyJhbGciOiJIUzI1NiIsInR5cCI6IkpXVCJ9.eyJzdWIiOiJuYW10byIsImV4cCI6MTY4MTY3NTE0MH0.s120G7u837D7rhtc_tbpZuteQstHy2C4leFJZyvSXQQ
2023-04-16 19:44:15,364 INFO: Client m1zPSJSwE5nf8qRGAAAJ connect and joined room namto
2023-04-16 19:45:01,551 INFO: Remove client m1zPSJSwE5nf8qRGAAAJ from room m1zPSJSwE5nf8qRGAAAJ
2023-04-16 19:45:01,554 INFO: Remove client m1zPSJSwE5nf8qRGAAAJ from room namto
2023-04-16 19:45:15,159 INFO: fOuZMWYTX_ZpeTxHAAAL:  connected
2023-04-16 19:45:15,162 ERROR: token: eyJhbGciOiJIUzI1NiIsInR5cCI6IkpXVCJ9.eyJzdWIiOiJuYW10byIsImV4cCI6MTY4MTY3NTE0MH0.s120G7u837D7rhtc_tbpZuteQstHy2C4leFJZyvSXQQ
2023-04-16 19:45:15,166 INFO: Client fOuZMWYTX_ZpeTxHAAAL connect and joined room namto
2023-04-16 19:45:42,174 INFO: Remove client fOuZMWYTX_ZpeTxHAAAL from room fOuZMWYTX_ZpeTxHAAAL
2023-04-16 19:45:42,175 INFO: Remove client fOuZMWYTX_ZpeTxHAAAL from room namto
2023-04-16 19:45:59,368 INFO: GqVbUVNSeFn9Rx0VAAAN:  connected
2023-04-16 19:45:59,369 ERROR: token: eyJhbGciOiJIUzI1NiIsInR5cCI6IkpXVCJ9.eyJzdWIiOiJuYW10byIsImV4cCI6MTY4MTY3NTE0MH0.s120G7u837D7rhtc_tbpZuteQstHy2C4leFJZyvSXQQ
2023-04-16 19:45:59,387 INFO: Client GqVbUVNSeFn9Rx0VAAAN connect and joined room namto
2023-04-16 19:46:37,379 INFO: Remove client GqVbUVNSeFn9Rx0VAAAN from room GqVbUVNSeFn9Rx0VAAAN
2023-04-16 19:46:37,380 INFO: Remove client GqVbUVNSeFn9Rx0VAAAN from room namto
2023-04-16 19:46:44,160 INFO: YbLpvB1UIXo_uw1eAAAP:  connected
2023-04-16 19:46:44,161 ERROR: token: eyJhbGciOiJIUzI1NiIsInR5cCI6IkpXVCJ9.eyJzdWIiOiJsb25nIiwiZXhwIjoxNjgxNjc1MzAyfQ.Q0urKTuoj-g-7-LPCK_hBGqQ6h8cl0sp9LiVSOIHoxw
2023-04-16 19:46:44,164 INFO: Client YbLpvB1UIXo_uw1eAAAP connect and joined room long
2023-04-16 19:50:22,638 INFO: Remove client YbLpvB1UIXo_uw1eAAAP from room YbLpvB1UIXo_uw1eAAAP
2023-04-16 19:50:22,640 INFO: Remove client YbLpvB1UIXo_uw1eAAAP from room long
2023-04-16 21:25:09,030 INFO: ZUhMgTIMBFlTPKSGAAAR:  connected
2023-04-16 21:25:09,031 ERROR: token: eyJhbGciOiJIUzI1NiIsInR5cCI6IkpXVCJ9.eyJzdWIiOiJsb25nIiwiZXhwIjoxNjgxNjgwNzE2fQ.GnoDn265M1-TtfatC2TZv4vQra2LJktMs5CUV56LI6g
2023-04-16 21:25:09,038 INFO: Client ZUhMgTIMBFlTPKSGAAAR connect and joined room long
2023-04-16 21:25:27,693 INFO: Remove client ZUhMgTIMBFlTPKSGAAAR from room ZUhMgTIMBFlTPKSGAAAR
2023-04-16 21:25:27,707 INFO: Remove client ZUhMgTIMBFlTPKSGAAAR from room long
2023-04-16 21:25:27,718 INFO: Yrg8hGE4AeFm4Mn0AAAT:  connected
2023-04-16 21:25:27,725 ERROR: token: eyJhbGciOiJIUzI1NiIsInR5cCI6IkpXVCJ9.eyJzdWIiOiJsb25nIiwiZXhwIjoxNjgxNjgwNzE2fQ.GnoDn265M1-TtfatC2TZv4vQra2LJktMs5CUV56LI6g
2023-04-16 21:25:27,737 INFO: Client Yrg8hGE4AeFm4Mn0AAAT connect and joined room long
2023-04-16 21:25:31,609 INFO: Remove client Yrg8hGE4AeFm4Mn0AAAT from room Yrg8hGE4AeFm4Mn0AAAT
2023-04-16 21:25:31,611 INFO: Remove client Yrg8hGE4AeFm4Mn0AAAT from room long
2023-04-16 21:25:31,616 INFO: wrVd2B-UKqM0AjmbAAAV:  connected
2023-04-16 21:25:31,618 ERROR: token: eyJhbGciOiJIUzI1NiIsInR5cCI6IkpXVCJ9.eyJzdWIiOiJsb25nIiwiZXhwIjoxNjgxNjgwNzE2fQ.GnoDn265M1-TtfatC2TZv4vQra2LJktMs5CUV56LI6g
2023-04-16 21:25:31,622 INFO: Client wrVd2B-UKqM0AjmbAAAV connect and joined room long
